2025-05-19 14:21:53,694 - bot.bot - INFO - Инициализация модели из: ./weights/yolo11n.pt
2025-05-19 14:21:54,007 - bot.bot - INFO - Модель успешно инициализирована
2025-05-19 14:21:54,595 - bot.bot - INFO - Бот запущен! @Ightggg_bot (7890096293)
2025-05-19 14:22:39,156 - bot.bot - INFO - Пользователь kikvinn (ID: 823261295) запустил бота
2025-05-19 14:22:43,178 - bot.bot - INFO - Пользователь 823261295 нажал кнопку 'Анализ кожи'
2025-05-19 14:22:46,334 - bot.bot - INFO - Пользователь 823261295 нажал кнопку 'Загрузить фото'
2025-05-19 14:22:57,404 - bot.bot - INFO - Пользователь 823261295 загрузил фото
2025-05-19 14:22:57,409 - bot.bot - INFO - Сохранение фото от пользователя 823261295 в C:\Users\_Layt_\Desktop\Prodgekt\Jaba\temp\43736da28f324614b25c9013727edf07.jpg
2025-05-19 14:22:58,304 - bot.bot - INFO - Фото сохранено, запуск модели для пользователя 823261295
2025-05-19 14:22:58,306 - bot.bot - ERROR - Ошибка при обработке фото пользователя 823261295: 'NoneType' object has no attribute 'args'
Traceback (most recent call last):
  File "C:\Users\_Layt_\Desktop\Prodgekt\Jaba\bot\bot.py", line 175, in handle_photo
    result = model.predict(image_path=input_path)
  File "C:\Users\_Layt_\Desktop\Prodgekt\Jaba\ml_model\model.py", line 24, in predict
    predictor.args.line_thickness = box_thickness
    ^^^^^^^^^^^^^^
AttributeError: 'NoneType' object has no attribute 'args'
2025-05-19 14:34:46,330 - bot.bot - INFO - Инициализация модели из: ./weights/yolo11n.pt
2025-05-19 14:34:52,119 - bot.bot - INFO - Модель успешно инициализирована
2025-05-19 14:34:52,758 - bot.bot - INFO - Бот запущен! @Ightggg_bot (7890096293)
2025-05-19 14:35:00,103 - bot.bot - INFO - Пользователь 823261295 нажал кнопку 'Анализ кожи'
2025-05-19 14:35:09,583 - bot.bot - INFO - Пользователь 823261295 загрузил фото
2025-05-19 14:35:09,584 - bot.bot - INFO - Сохранение фото от пользователя 823261295 в C:\Users\_Layt_\Desktop\Prodgekt\Jaba\temp\8b712bbd9ca54d7ea81eaf95b54d68b4.jpg
2025-05-19 14:35:10,374 - bot.bot - INFO - Фото сохранено, запуск модели для пользователя 823261295
2025-05-19 14:35:10,376 - bot.bot - ERROR - Ошибка при обработке фото пользователя 823261295: '[31m[1mlabels[0m' is not a valid YOLO argument. Similar arguments are i.e. ['show_labels=True'].
'[31m[1mfont_size[0m' is not a valid YOLO argument. 

    Arguments received: ['yolo']. Ultralytics 'yolo' commands use the following syntax:

        yolo TASK MODE ARGS

        Where   TASK (optional) is one of frozenset({'obb', 'classify', 'detect', 'segment', 'pose'})
                MODE (required) is one of frozenset({'val', 'track', 'train', 'predict', 'export', 'benchmark'})
                ARGS (optional) are any number of custom 'arg=value' pairs like 'imgsz=320' that override defaults.
                    See all ARGS at https://docs.ultralytics.com/usage/cfg or with 'yolo cfg'

    1. Train a detection model for 10 epochs with an initial learning_rate of 0.01
        yolo train data=coco8.yaml model=yolo11n.pt epochs=10 lr0=0.01

    2. Predict a YouTube video using a pretrained segmentation model at image size 320:
        yolo predict model=yolo11n-seg.pt source='https://youtu.be/LNwODJXcvt4' imgsz=320

    3. Val a pretrained detection model at batch-size 1 and image size 640:
        yolo val model=yolo11n.pt data=coco8.yaml batch=1 imgsz=640

    4. Export a YOLO11n classification model to ONNX format at image size 224 by 128 (no TASK required)
        yolo export model=yolo11n-cls.pt format=onnx imgsz=224,128

    5. Ultralytics solutions usage
        yolo solutions count or in ['crop', 'blur', 'workout', 'heatmap', 'isegment', 'visioneye', 'speed', 'queue', 'analytics', 'inference', 'trackzone'] source="path/to/video.mp4"

    6. Run special commands:
        yolo help
        yolo checks
        yolo version
        yolo settings
        yolo copy-cfg
        yolo cfg
        yolo solutions help

    Docs: https://docs.ultralytics.com
    Solutions: https://docs.ultralytics.com/solutions/
    Community: https://community.ultralytics.com
    GitHub: https://github.com/ultralytics/ultralytics
    
Traceback (most recent call last):
  File "C:\Users\_Layt_\Desktop\Prodgekt\Jaba\bot\bot.py", line 175, in handle_photo
    result = model.predict(image_path=input_path)
  File "C:\Users\_Layt_\Desktop\Prodgekt\Jaba\ml_model\model.py", line 24, in predict
    results = self.model.predict(
        source=str(image_path),
    ...<11 lines>...
        show_conf = True,
    )
  File "C:\Users\_Layt_\Desktop\Prodgekt\Jaba\.venv\Lib\site-packages\ultralytics\engine\model.py", line 544, in predict
    self.predictor = (predictor or self._smart_load("predictor"))(overrides=args, _callbacks=self.callbacks)
                     ~~~~~~~~~~~~~~~~~~~~~~~~~~~~~~~~~~~~~~~~~~~~^^^^^^^^^^^^^^^^^^^^^^^^^^^^^^^^^^^^^^^^^^^
  File "C:\Users\_Layt_\Desktop\Prodgekt\Jaba\.venv\Lib\site-packages\ultralytics\engine\predictor.py", line 117, in __init__
    self.args = get_cfg(cfg, overrides)
                ~~~~~~~^^^^^^^^^^^^^^^^
  File "C:\Users\_Layt_\Desktop\Prodgekt\Jaba\.venv\Lib\site-packages\ultralytics\cfg\__init__.py", line 306, in get_cfg
    check_dict_alignment(cfg, overrides)
    ~~~~~~~~~~~~~~~~~~~~^^^^^^^^^^^^^^^^
  File "C:\Users\_Layt_\Desktop\Prodgekt\Jaba\.venv\Lib\site-packages\ultralytics\cfg\__init__.py", line 496, in check_dict_alignment
    raise SyntaxError(string + CLI_HELP_MSG) from e
SyntaxError: '[31m[1mlabels[0m' is not a valid YOLO argument. Similar arguments are i.e. ['show_labels=True'].
'[31m[1mfont_size[0m' is not a valid YOLO argument. 

    Arguments received: ['yolo']. Ultralytics 'yolo' commands use the following syntax:

        yolo TASK MODE ARGS

        Where   TASK (optional) is one of frozenset({'obb', 'classify', 'detect', 'segment', 'pose'})
                MODE (required) is one of frozenset({'val', 'track', 'train', 'predict', 'export', 'benchmark'})
                ARGS (optional) are any number of custom 'arg=value' pairs like 'imgsz=320' that override defaults.
                    See all ARGS at https://docs.ultralytics.com/usage/cfg or with 'yolo cfg'

    1. Train a detection model for 10 epochs with an initial learning_rate of 0.01
        yolo train data=coco8.yaml model=yolo11n.pt epochs=10 lr0=0.01

    2. Predict a YouTube video using a pretrained segmentation model at image size 320:
        yolo predict model=yolo11n-seg.pt source='https://youtu.be/LNwODJXcvt4' imgsz=320

    3. Val a pretrained detection model at batch-size 1 and image size 640:
        yolo val model=yolo11n.pt data=coco8.yaml batch=1 imgsz=640

    4. Export a YOLO11n classification model to ONNX format at image size 224 by 128 (no TASK required)
        yolo export model=yolo11n-cls.pt format=onnx imgsz=224,128

    5. Ultralytics solutions usage
        yolo solutions count or in ['crop', 'blur', 'workout', 'heatmap', 'isegment', 'visioneye', 'speed', 'queue', 'analytics', 'inference', 'trackzone'] source="path/to/video.mp4"

    6. Run special commands:
        yolo help
        yolo checks
        yolo version
        yolo settings
        yolo copy-cfg
        yolo cfg
        yolo solutions help

    Docs: https://docs.ultralytics.com
    Solutions: https://docs.ultralytics.com/solutions/
    Community: https://community.ultralytics.com
    GitHub: https://github.com/ultralytics/ultralytics
    
2025-05-19 14:35:41,650 - bot.bot - INFO - Пользователь 823261295 нажал кнопку 'Анализ кожи'
2025-05-19 14:35:46,415 - bot.bot - INFO - Пользователь 823261295 загрузил фото
2025-05-19 14:35:46,416 - bot.bot - INFO - Сохранение фото от пользователя 823261295 в C:\Users\_Layt_\Desktop\Prodgekt\Jaba\temp\66107a70d22f45c297de608c40ce9aec.jpg
2025-05-19 14:35:47,071 - bot.bot - INFO - Фото сохранено, запуск модели для пользователя 823261295
2025-05-19 14:35:47,072 - bot.bot - ERROR - Ошибка при обработке фото пользователя 823261295: '[31m[1mlabels[0m' is not a valid YOLO argument. Similar arguments are i.e. ['show_labels=True'].
'[31m[1mfont_size[0m' is not a valid YOLO argument. 

    Arguments received: ['yolo']. Ultralytics 'yolo' commands use the following syntax:

        yolo TASK MODE ARGS

        Where   TASK (optional) is one of frozenset({'obb', 'classify', 'detect', 'segment', 'pose'})
                MODE (required) is one of frozenset({'val', 'track', 'train', 'predict', 'export', 'benchmark'})
                ARGS (optional) are any number of custom 'arg=value' pairs like 'imgsz=320' that override defaults.
                    See all ARGS at https://docs.ultralytics.com/usage/cfg or with 'yolo cfg'

    1. Train a detection model for 10 epochs with an initial learning_rate of 0.01
        yolo train data=coco8.yaml model=yolo11n.pt epochs=10 lr0=0.01

    2. Predict a YouTube video using a pretrained segmentation model at image size 320:
        yolo predict model=yolo11n-seg.pt source='https://youtu.be/LNwODJXcvt4' imgsz=320

    3. Val a pretrained detection model at batch-size 1 and image size 640:
        yolo val model=yolo11n.pt data=coco8.yaml batch=1 imgsz=640

    4. Export a YOLO11n classification model to ONNX format at image size 224 by 128 (no TASK required)
        yolo export model=yolo11n-cls.pt format=onnx imgsz=224,128

    5. Ultralytics solutions usage
        yolo solutions count or in ['crop', 'blur', 'workout', 'heatmap', 'isegment', 'visioneye', 'speed', 'queue', 'analytics', 'inference', 'trackzone'] source="path/to/video.mp4"

    6. Run special commands:
        yolo help
        yolo checks
        yolo version
        yolo settings
        yolo copy-cfg
        yolo cfg
        yolo solutions help

    Docs: https://docs.ultralytics.com
    Solutions: https://docs.ultralytics.com/solutions/
    Community: https://community.ultralytics.com
    GitHub: https://github.com/ultralytics/ultralytics
    
Traceback (most recent call last):
  File "C:\Users\_Layt_\Desktop\Prodgekt\Jaba\bot\bot.py", line 175, in handle_photo
    result = model.predict(image_path=input_path)
  File "C:\Users\_Layt_\Desktop\Prodgekt\Jaba\ml_model\model.py", line 24, in predict
    results = self.model.predict(
              ^^^^^^^^^^^^^^^^^^^
    ...<13 lines>...
            name = self.model.names[class_id]
    
  File "C:\Users\_Layt_\Desktop\Prodgekt\Jaba\.venv\Lib\site-packages\ultralytics\engine\model.py", line 544, in predict
    self.predictor = (predictor or self._smart_load("predictor"))(overrides=args, _callbacks=self.callbacks)
                     ~~~~~~~~~~~~~~~~~~~~~~~~~~~~~~~~~~~~~~~~~~~~^^^^^^^^^^^^^^^^^^^^^^^^^^^^^^^^^^^^^^^^^^^
  File "C:\Users\_Layt_\Desktop\Prodgekt\Jaba\.venv\Lib\site-packages\ultralytics\engine\predictor.py", line 117, in __init__
    self.args = get_cfg(cfg, overrides)
                ~~~~~~~^^^^^^^^^^^^^^^^
  File "C:\Users\_Layt_\Desktop\Prodgekt\Jaba\.venv\Lib\site-packages\ultralytics\cfg\__init__.py", line 306, in get_cfg
    check_dict_alignment(cfg, overrides)
    ~~~~~~~~~~~~~~~~~~~~^^^^^^^^^^^^^^^^
  File "C:\Users\_Layt_\Desktop\Prodgekt\Jaba\.venv\Lib\site-packages\ultralytics\cfg\__init__.py", line 496, in check_dict_alignment
    raise SyntaxError(string + CLI_HELP_MSG) from e
SyntaxError: '[31m[1mlabels[0m' is not a valid YOLO argument. Similar arguments are i.e. ['show_labels=True'].
'[31m[1mfont_size[0m' is not a valid YOLO argument. 

    Arguments received: ['yolo']. Ultralytics 'yolo' commands use the following syntax:

        yolo TASK MODE ARGS

        Where   TASK (optional) is one of frozenset({'obb', 'classify', 'detect', 'segment', 'pose'})
                MODE (required) is one of frozenset({'val', 'track', 'train', 'predict', 'export', 'benchmark'})
                ARGS (optional) are any number of custom 'arg=value' pairs like 'imgsz=320' that override defaults.
                    See all ARGS at https://docs.ultralytics.com/usage/cfg or with 'yolo cfg'

    1. Train a detection model for 10 epochs with an initial learning_rate of 0.01
        yolo train data=coco8.yaml model=yolo11n.pt epochs=10 lr0=0.01

    2. Predict a YouTube video using a pretrained segmentation model at image size 320:
        yolo predict model=yolo11n-seg.pt source='https://youtu.be/LNwODJXcvt4' imgsz=320

    3. Val a pretrained detection model at batch-size 1 and image size 640:
        yolo val model=yolo11n.pt data=coco8.yaml batch=1 imgsz=640

    4. Export a YOLO11n classification model to ONNX format at image size 224 by 128 (no TASK required)
        yolo export model=yolo11n-cls.pt format=onnx imgsz=224,128

    5. Ultralytics solutions usage
        yolo solutions count or in ['crop', 'blur', 'workout', 'heatmap', 'isegment', 'visioneye', 'speed', 'queue', 'analytics', 'inference', 'trackzone'] source="path/to/video.mp4"

    6. Run special commands:
        yolo help
        yolo checks
        yolo version
        yolo settings
        yolo copy-cfg
        yolo cfg
        yolo solutions help

    Docs: https://docs.ultralytics.com
    Solutions: https://docs.ultralytics.com/solutions/
    Community: https://community.ultralytics.com
    GitHub: https://github.com/ultralytics/ultralytics
    
